[INFO ] 2025-06-14 08:10:00.206 [restartedMain] RentacarApplication - Starting RentacarApplication using Java 21.0.7 with PID 18340 (C:\Users\user\Downloads\rentacar-main-master\rentacar-main-master\target\classes started by user in C:\Users\user\Downloads\rentacar-main-master\rentacar-main-master)
[INFO ] 2025-06-14 08:10:00.226 [restartedMain] RentacarApplication - No active profile set, falling back to 1 default profile: "default"
[INFO ] 2025-06-14 08:10:00.323 [restartedMain] DevToolsPropertyDefaultsPostProcessor - Devtools property defaults active! Set 'spring.devtools.add-properties' to 'false' to disable
[INFO ] 2025-06-14 08:10:00.323 [restartedMain] DevToolsPropertyDefaultsPostProcessor - For additional web related logging consider setting the 'logging.level.web' property to 'DEBUG'
[INFO ] 2025-06-14 08:10:01.996 [restartedMain] RepositoryConfigurationDelegate - Bootstrapping Spring Data JDBC repositories in DEFAULT mode.
[INFO ] 2025-06-14 08:10:02.044 [restartedMain] RepositoryConfigurationDelegate - Finished Spring Data repository scanning in 34 ms. Found 0 JDBC repository interfaces.
[INFO ] 2025-06-14 08:10:03.407 [restartedMain] TomcatWebServer - Tomcat initialized with port 8080 (http)
[INFO ] 2025-06-14 08:10:03.438 [restartedMain] Http11NioProtocol - Initializing ProtocolHandler ["http-nio-8080"]
[INFO ] 2025-06-14 08:10:03.444 [restartedMain] StandardService - Starting service [Tomcat]
[INFO ] 2025-06-14 08:10:03.444 [restartedMain] StandardEngine - Starting Servlet engine: [Apache Tomcat/10.1.17]
[INFO ] 2025-06-14 08:10:03.558 [restartedMain] [/] - Initializing Spring embedded WebApplicationContext
[INFO ] 2025-06-14 08:10:03.558 [restartedMain] ServletWebServerApplicationContext - Root WebApplicationContext: initialization completed in 3235 ms
[INFO ] 2025-06-14 08:10:04.201 [restartedMain] HikariDataSource - HikariPool-1 - Starting...
[INFO ] 2025-06-14 08:10:04.717 [restartedMain] HikariPool - HikariPool-1 - Added connection org.postgresql.jdbc.PgConnection@afa3c40
[INFO ] 2025-06-14 08:10:04.717 [restartedMain] HikariDataSource - HikariPool-1 - Start completed.
[INFO ] 2025-06-14 08:10:04.959 [restartedMain] WelcomePageHandlerMapping - Adding welcome page template: index
[INFO ] 2025-06-14 08:10:06.086 [restartedMain] OptionalLiveReloadServer - LiveReload server is running on port 35729
[INFO ] 2025-06-14 08:10:06.123 [restartedMain] Http11NioProtocol - Starting ProtocolHandler ["http-nio-8080"]
[INFO ] 2025-06-14 08:10:06.158 [restartedMain] TomcatWebServer - Tomcat started on port 8080 (http) with context path ''
[INFO ] 2025-06-14 08:10:06.180 [restartedMain] RentacarApplication - Started RentacarApplication in 6.653 seconds (process running for 13.598)
[INFO ] 2025-06-14 08:10:29.934 [http-nio-8080-exec-1] [/] - Initializing Spring DispatcherServlet 'dispatcherServlet'
[INFO ] 2025-06-14 08:10:29.934 [http-nio-8080-exec-1] DispatcherServlet - Initializing Servlet 'dispatcherServlet'
[INFO ] 2025-06-14 08:10:29.940 [http-nio-8080-exec-1] DispatcherServlet - Completed initialization in 6 ms
[INFO ] 2025-06-14 08:10:30.037 [http-nio-8080-exec-1] Baza - Polączono do bazy
[INFO ] 2025-06-14 08:10:30.067 [http-nio-8080-exec-1] RentacarController - Loaded / mapping
[INFO ] 2025-06-14 08:10:32.765 [http-nio-8080-exec-9] RentacarController - Loaded / mapping
[INFO ] 2025-06-14 08:10:34.431 [http-nio-8080-exec-4] RentacarController - Loaded /dostepne mapping
[INFO ] 2025-06-14 08:10:35.927 [http-nio-8080-exec-2] RentacarController - Loaded /rejestracja mapping
[INFO ] 2025-06-14 08:10:39.418 [http-nio-8080-exec-9] RentacarController - Loaded /wypozycz mapping
[INFO ] 2025-06-14 08:10:40.783 [http-nio-8080-exec-1] RentacarController - Loaded /rejestracja mapping
[INFO ] 2025-06-14 08:10:42.407 [http-nio-8080-exec-3] RentacarController - Loaded /wypozycz mapping
[INFO ] 2025-06-14 08:15:08.764 [http-nio-8080-exec-8] RentacarController - Dodano rekord do tabeli Wypozyczenia
[INFO ] 2025-06-14 08:15:08.777 [http-nio-8080-exec-3] RentacarController - Loaded /wypozycz mapping
[ERROR] 2025-06-14 08:17:06.028 [http-nio-8080-exec-1] Baza - Nie udało się wstawić rekordu do bazy
[ERROR] 2025-06-14 08:17:06.028 [http-nio-8080-exec-1] [dispatcherServlet] - Servlet.service() for servlet [dispatcherServlet] in context with path [] threw exception [Request processing failed: java.lang.RuntimeException: org.postgresql.util.PSQLException: BŁĄD: wstawianie lub modyfikacja na tabeli "wypozyczenia" narusza klucz obcy "wypozyczenia_pesel_fkey"
  Szczegóły: Klucz (pesel)=(777777) nie występuje w tabeli "klienci".] with root cause
org.postgresql.util.PSQLException: BŁĄD: wstawianie lub modyfikacja na tabeli "wypozyczenia" narusza klucz obcy "wypozyczenia_pesel_fkey"
  Szczegóły: Klucz (pesel)=(777777) nie występuje w tabeli "klienci".
	at org.postgresql.core.v3.QueryExecutorImpl.receiveErrorResponse(QueryExecutorImpl.java:2736) ~[postgresql-42.7.6.jar:42.7.6]
	at org.postgresql.core.v3.QueryExecutorImpl.processResults(QueryExecutorImpl.java:2423) ~[postgresql-42.7.6.jar:42.7.6]
	at org.postgresql.core.v3.QueryExecutorImpl.execute(QueryExecutorImpl.java:374) ~[postgresql-42.7.6.jar:42.7.6]
	at org.postgresql.jdbc.PgStatement.executeInternal(PgStatement.java:518) ~[postgresql-42.7.6.jar:42.7.6]
	at org.postgresql.jdbc.PgStatement.execute(PgStatement.java:435) ~[postgresql-42.7.6.jar:42.7.6]
	at org.postgresql.jdbc.PgPreparedStatement.executeWithFlags(PgPreparedStatement.java:196) ~[postgresql-42.7.6.jar:42.7.6]
	at org.postgresql.jdbc.PgPreparedStatement.executeUpdate(PgPreparedStatement.java:157) ~[postgresql-42.7.6.jar:42.7.6]
	at _12a.rentacar.Baza$Wypozyczenia.dodajWypozyczenie(Baza.java:105) ~[classes/:?]
	at _12a.rentacar.RentacarController.wypozycz_samochod(RentacarController.java:78) ~[classes/:?]
	at java.base/jdk.internal.reflect.DirectMethodHandleAccessor.invoke(DirectMethodHandleAccessor.java:103) ~[?:?]
	at java.base/java.lang.reflect.Method.invoke(Method.java:580) ~[?:?]
	at org.springframework.web.method.support.InvocableHandlerMethod.doInvoke(InvocableHandlerMethod.java:262) ~[spring-web-6.1.2.jar:6.1.2]
	at org.springframework.web.method.support.InvocableHandlerMethod.invokeForRequest(InvocableHandlerMethod.java:190) ~[spring-web-6.1.2.jar:6.1.2]
	at org.springframework.web.servlet.mvc.method.annotation.ServletInvocableHandlerMethod.invokeAndHandle(ServletInvocableHandlerMethod.java:118) ~[spring-webmvc-6.1.2.jar:6.1.2]
	at org.springframework.web.servlet.mvc.method.annotation.RequestMappingHandlerAdapter.invokeHandlerMethod(RequestMappingHandlerAdapter.java:917) ~[spring-webmvc-6.1.2.jar:6.1.2]
	at org.springframework.web.servlet.mvc.method.annotation.RequestMappingHandlerAdapter.handleInternal(RequestMappingHandlerAdapter.java:829) ~[spring-webmvc-6.1.2.jar:6.1.2]
	at org.springframework.web.servlet.mvc.method.AbstractHandlerMethodAdapter.handle(AbstractHandlerMethodAdapter.java:87) ~[spring-webmvc-6.1.2.jar:6.1.2]
	at org.springframework.web.servlet.DispatcherServlet.doDispatch(DispatcherServlet.java:1089) ~[spring-webmvc-6.1.2.jar:6.1.2]
	at org.springframework.web.servlet.DispatcherServlet.doService(DispatcherServlet.java:979) ~[spring-webmvc-6.1.2.jar:6.1.2]
	at org.springframework.web.servlet.FrameworkServlet.processRequest(FrameworkServlet.java:1014) ~[spring-webmvc-6.1.2.jar:6.1.2]
	at org.springframework.web.servlet.FrameworkServlet.doPost(FrameworkServlet.java:914) ~[spring-webmvc-6.1.2.jar:6.1.2]
	at jakarta.servlet.http.HttpServlet.service(HttpServlet.java:590) ~[tomcat-embed-core-10.1.17.jar:6.0]
	at org.springframework.web.servlet.FrameworkServlet.service(FrameworkServlet.java:885) ~[spring-webmvc-6.1.2.jar:6.1.2]
	at jakarta.servlet.http.HttpServlet.service(HttpServlet.java:658) ~[tomcat-embed-core-10.1.17.jar:6.0]
	at org.apache.catalina.core.ApplicationFilterChain.internalDoFilter(ApplicationFilterChain.java:205) ~[tomcat-embed-core-10.1.17.jar:10.1.17]
	at org.apache.catalina.core.ApplicationFilterChain.doFilter(ApplicationFilterChain.java:149) ~[tomcat-embed-core-10.1.17.jar:10.1.17]
	at org.apache.tomcat.websocket.server.WsFilter.doFilter(WsFilter.java:51) ~[tomcat-embed-websocket-10.1.17.jar:10.1.17]
	at org.apache.catalina.core.ApplicationFilterChain.internalDoFilter(ApplicationFilterChain.java:174) ~[tomcat-embed-core-10.1.17.jar:10.1.17]
	at org.apache.catalina.core.ApplicationFilterChain.doFilter(ApplicationFilterChain.java:149) ~[tomcat-embed-core-10.1.17.jar:10.1.17]
	at org.springframework.web.filter.RequestContextFilter.doFilterInternal(RequestContextFilter.java:100) ~[spring-web-6.1.2.jar:6.1.2]
	at org.springframework.web.filter.OncePerRequestFilter.doFilter(OncePerRequestFilter.java:116) ~[spring-web-6.1.2.jar:6.1.2]
	at org.apache.catalina.core.ApplicationFilterChain.internalDoFilter(ApplicationFilterChain.java:174) ~[tomcat-embed-core-10.1.17.jar:10.1.17]
	at org.apache.catalina.core.ApplicationFilterChain.doFilter(ApplicationFilterChain.java:149) ~[tomcat-embed-core-10.1.17.jar:10.1.17]
	at org.springframework.web.filter.FormContentFilter.doFilterInternal(FormContentFilter.java:93) ~[spring-web-6.1.2.jar:6.1.2]
	at org.springframework.web.filter.OncePerRequestFilter.doFilter(OncePerRequestFilter.java:116) ~[spring-web-6.1.2.jar:6.1.2]
	at org.apache.catalina.core.ApplicationFilterChain.internalDoFilter(ApplicationFilterChain.java:174) ~[tomcat-embed-core-10.1.17.jar:10.1.17]
	at org.apache.catalina.core.ApplicationFilterChain.doFilter(ApplicationFilterChain.java:149) ~[tomcat-embed-core-10.1.17.jar:10.1.17]
	at org.springframework.web.filter.CharacterEncodingFilter.doFilterInternal(CharacterEncodingFilter.java:201) ~[spring-web-6.1.2.jar:6.1.2]
	at org.springframework.web.filter.OncePerRequestFilter.doFilter(OncePerRequestFilter.java:116) ~[spring-web-6.1.2.jar:6.1.2]
	at org.apache.catalina.core.ApplicationFilterChain.internalDoFilter(ApplicationFilterChain.java:174) ~[tomcat-embed-core-10.1.17.jar:10.1.17]
	at org.apache.catalina.core.ApplicationFilterChain.doFilter(ApplicationFilterChain.java:149) ~[tomcat-embed-core-10.1.17.jar:10.1.17]
	at org.apache.catalina.core.StandardWrapperValve.invoke(StandardWrapperValve.java:167) ~[tomcat-embed-core-10.1.17.jar:10.1.17]
	at org.apache.catalina.core.StandardContextValve.invoke(StandardContextValve.java:90) ~[tomcat-embed-core-10.1.17.jar:10.1.17]
	at org.apache.catalina.authenticator.AuthenticatorBase.invoke(AuthenticatorBase.java:482) ~[tomcat-embed-core-10.1.17.jar:10.1.17]
	at org.apache.catalina.core.StandardHostValve.invoke(StandardHostValve.java:115) ~[tomcat-embed-core-10.1.17.jar:10.1.17]
	at org.apache.catalina.valves.ErrorReportValve.invoke(ErrorReportValve.java:93) ~[tomcat-embed-core-10.1.17.jar:10.1.17]
	at org.apache.catalina.core.StandardEngineValve.invoke(StandardEngineValve.java:74) ~[tomcat-embed-core-10.1.17.jar:10.1.17]
	at org.apache.catalina.connector.CoyoteAdapter.service(CoyoteAdapter.java:340) ~[tomcat-embed-core-10.1.17.jar:10.1.17]
	at org.apache.coyote.http11.Http11Processor.service(Http11Processor.java:391) ~[tomcat-embed-core-10.1.17.jar:10.1.17]
	at org.apache.coyote.AbstractProcessorLight.process(AbstractProcessorLight.java:63) ~[tomcat-embed-core-10.1.17.jar:10.1.17]
	at org.apache.coyote.AbstractProtocol$ConnectionHandler.process(AbstractProtocol.java:896) ~[tomcat-embed-core-10.1.17.jar:10.1.17]
	at org.apache.tomcat.util.net.NioEndpoint$SocketProcessor.doRun(NioEndpoint.java:1744) ~[tomcat-embed-core-10.1.17.jar:10.1.17]
	at org.apache.tomcat.util.net.SocketProcessorBase.run(SocketProcessorBase.java:52) ~[tomcat-embed-core-10.1.17.jar:10.1.17]
	at org.apache.tomcat.util.threads.ThreadPoolExecutor.runWorker(ThreadPoolExecutor.java:1191) ~[tomcat-embed-core-10.1.17.jar:10.1.17]
	at org.apache.tomcat.util.threads.ThreadPoolExecutor$Worker.run(ThreadPoolExecutor.java:659) ~[tomcat-embed-core-10.1.17.jar:10.1.17]
	at org.apache.tomcat.util.threads.TaskThread$WrappingRunnable.run(TaskThread.java:61) ~[tomcat-embed-core-10.1.17.jar:10.1.17]
	at java.base/java.lang.Thread.run(Thread.java:1583) [?:?]
[INFO ] 2025-06-14 08:17:27.543 [http-nio-8080-exec-9] RentacarController - Dodano rekord do tabeli Wypozyczenia
[INFO ] 2025-06-14 08:17:27.549 [http-nio-8080-exec-7] RentacarController - Loaded /wypozycz mapping
[INFO ] 2025-06-14 08:18:03.647 [http-nio-8080-exec-3] RentacarController - Dodano rekord do tabeli Wypozyczenia
[INFO ] 2025-06-14 08:18:03.655 [http-nio-8080-exec-2] RentacarController - Loaded /wypozycz mapping
[INFO ] 2025-06-14 08:21:23.840 [http-nio-8080-exec-10] RentacarController - Dodano rekord do tabeli Wypozyczenia
[INFO ] 2025-06-14 08:21:23.845 [http-nio-8080-exec-9] RentacarController - Loaded /wypozycz mapping
[INFO ] 2025-06-14 08:29:22.824 [SpringApplicationShutdownHook] HikariDataSource - HikariPool-1 - Shutdown initiated...
[INFO ] 2025-06-14 08:29:22.836 [SpringApplicationShutdownHook] HikariDataSource - HikariPool-1 - Shutdown completed.
[INFO ] 2025-06-14 08:29:49.192 [restartedMain] RentacarApplication - Starting RentacarApplication using Java 21.0.7 with PID 12796 (C:\Users\user\Downloads\rentacar-main-master\rentacar-main-master\target\classes started by user in C:\Users\user\Downloads\rentacar-main-master\rentacar-main-master)
[INFO ] 2025-06-14 08:29:49.234 [restartedMain] RentacarApplication - No active profile set, falling back to 1 default profile: "default"
[INFO ] 2025-06-14 08:29:49.405 [restartedMain] DevToolsPropertyDefaultsPostProcessor - Devtools property defaults active! Set 'spring.devtools.add-properties' to 'false' to disable
[INFO ] 2025-06-14 08:29:49.405 [restartedMain] DevToolsPropertyDefaultsPostProcessor - For additional web related logging consider setting the 'logging.level.web' property to 'DEBUG'
[INFO ] 2025-06-14 08:29:52.048 [restartedMain] RepositoryConfigurationDelegate - Bootstrapping Spring Data JDBC repositories in DEFAULT mode.
[INFO ] 2025-06-14 08:29:52.114 [restartedMain] RepositoryConfigurationDelegate - Finished Spring Data repository scanning in 54 ms. Found 0 JDBC repository interfaces.
[INFO ] 2025-06-14 08:29:54.588 [restartedMain] TomcatWebServer - Tomcat initialized with port 8080 (http)
[INFO ] 2025-06-14 08:29:54.645 [restartedMain] Http11NioProtocol - Initializing ProtocolHandler ["http-nio-8080"]
[INFO ] 2025-06-14 08:29:54.656 [restartedMain] StandardService - Starting service [Tomcat]
[INFO ] 2025-06-14 08:29:54.659 [restartedMain] StandardEngine - Starting Servlet engine: [Apache Tomcat/10.1.17]
[INFO ] 2025-06-14 08:29:54.849 [restartedMain] [/] - Initializing Spring embedded WebApplicationContext
[INFO ] 2025-06-14 08:29:54.855 [restartedMain] ServletWebServerApplicationContext - Root WebApplicationContext: initialization completed in 5444 ms
[INFO ] 2025-06-14 08:29:55.933 [restartedMain] HikariDataSource - HikariPool-1 - Starting...
[INFO ] 2025-06-14 08:29:56.818 [restartedMain] HikariPool - HikariPool-1 - Added connection org.postgresql.jdbc.PgConnection@6ca72239
[INFO ] 2025-06-14 08:29:56.826 [restartedMain] HikariDataSource - HikariPool-1 - Start completed.
[INFO ] 2025-06-14 08:29:57.374 [restartedMain] WelcomePageHandlerMapping - Adding welcome page template: index
[INFO ] 2025-06-14 08:29:59.563 [restartedMain] OptionalLiveReloadServer - LiveReload server is running on port 35729
[INFO ] 2025-06-14 08:29:59.612 [restartedMain] Http11NioProtocol - Starting ProtocolHandler ["http-nio-8080"]
[INFO ] 2025-06-14 08:29:59.684 [restartedMain] TomcatWebServer - Tomcat started on port 8080 (http) with context path ''
[INFO ] 2025-06-14 08:29:59.726 [restartedMain] RentacarApplication - Started RentacarApplication in 11.788 seconds (process running for 16.284)
[INFO ] 2025-06-14 08:31:03.343 [http-nio-8080-exec-1] [/] - Initializing Spring DispatcherServlet 'dispatcherServlet'
[INFO ] 2025-06-14 08:31:03.343 [http-nio-8080-exec-1] DispatcherServlet - Initializing Servlet 'dispatcherServlet'
[INFO ] 2025-06-14 08:31:03.343 [http-nio-8080-exec-1] DispatcherServlet - Completed initialization in 0 ms
[INFO ] 2025-06-14 08:31:03.446 [http-nio-8080-exec-1] Baza - Polączono do bazy
[INFO ] 2025-06-14 08:31:03.477 [http-nio-8080-exec-1] RentacarController - Dodano rekord do tabeli Wypozyczenia
[INFO ] 2025-06-14 08:31:03.494 [http-nio-8080-exec-2] RentacarController - Loaded /wypozycz mapping
[INFO ] 2025-06-14 08:31:53.136 [SpringApplicationShutdownHook] HikariDataSource - HikariPool-1 - Shutdown initiated...
[INFO ] 2025-06-14 08:31:53.136 [SpringApplicationShutdownHook] HikariDataSource - HikariPool-1 - Shutdown completed.
